TN:
SF:src/polyfills.ts
FNF:0
FNH:0
LF:0
LH:0
BRF:0
BRH:0
end_of_record
TN:
SF:src/test.ts
FN:20,(anonymous_0)
FNF:1
FNH:1
FNDA:1,(anonymous_0)
DA:20,1
DA:23,1
DA:28,1
DA:30,1
DA:32,1
LF:5
LH:5
BRF:0
BRH:0
end_of_record
TN:
SF:src/app/hero.service.ts
FN:19,(anonymous_2)
FN:24,(anonymous_3)
FN:27,(anonymous_4)
FN:33,(anonymous_5)
FN:37,(anonymous_6)
FN:38,(anonymous_7)
FN:47,(anonymous_8)
FN:50,(anonymous_9)
FN:56,(anonymous_10)
FN:62,(anonymous_11)
FN:70,(anonymous_12)
FN:72,(anonymous_13)
FN:78,(anonymous_14)
FN:83,(anonymous_15)
FN:89,(anonymous_16)
FN:91,(anonymous_17)
FN:102,(anonymous_18)
FN:103,(anonymous_19)
FN:117,(anonymous_20)
FNF:19
FNH:5
FNDA:1,(anonymous_2)
FNDA:0,(anonymous_3)
FNDA:0,(anonymous_4)
FNDA:0,(anonymous_5)
FNDA:0,(anonymous_6)
FNDA:0,(anonymous_7)
FNDA:1,(anonymous_8)
FNDA:1,(anonymous_9)
FNDA:0,(anonymous_10)
FNDA:0,(anonymous_11)
FNDA:0,(anonymous_12)
FNDA:0,(anonymous_13)
FNDA:0,(anonymous_14)
FNDA:0,(anonymous_15)
FNDA:0,(anonymous_16)
FNDA:0,(anonymous_17)
FNDA:1,(anonymous_18)
FNDA:0,(anonymous_19)
FNDA:1,(anonymous_20)
DA:10,1
DA:15,1
DA:17,1
DA:20,1
DA:21,1
DA:25,0
DA:27,0
DA:34,0
DA:35,0
DA:37,0
DA:39,0
DA:40,0
DA:48,1
DA:49,1
DA:50,1
DA:57,0
DA:59,0
DA:61,0
DA:62,0
DA:71,0
DA:72,0
DA:79,0
DA:80,0
DA:82,0
DA:83,0
DA:90,0
DA:91,0
DA:103,1
DA:106,0
DA:109,0
DA:112,0
DA:118,1
LF:32
LH:10
BRDA:39,0,0,0
BRDA:39,0,1,0
BRDA:57,1,0,0
BRDA:57,1,1,0
BRDA:79,2,0,0
BRDA:79,2,1,0
BRDA:102,3,0,0
BRF:7
BRH:0
end_of_record
TN:
SF:src/app/hero.ts
FNF:0
FNH:0
LF:0
LH:0
BRF:0
BRH:0
end_of_record
TN:
SF:src/app/message.service.ts
FN:7,(anonymous_2)
FN:11,(anonymous_3)
FNF:2
FNH:2
FNDA:1,(anonymous_2)
FNDA:1,(anonymous_3)
DA:4,1
DA:5,3
DA:8,1
DA:12,1
LF:4
LH:4
BRF:0
BRH:0
end_of_record
TN:
SF:src/app/hero/hero.component.ts
FN:13,(anonymous_2)
FNF:1
FNH:1
FNDA:1,(anonymous_2)
DA:9,1
DA:11,21
DA:14,1
DA:15,1
LF:4
LH:4
BRF:0
BRH:0
end_of_record
TN:
SF:src/app/hero-detail/hero-detail.component.ts
FN:16,(anonymous_2)
FN:22,(anonymous_3)
FN:26,(anonymous_4)
FN:29,(anonymous_5)
FN:32,(anonymous_6)
FN:44,(anonymous_7)
FN:45,(anonymous_8)
FN:47,(anonymous_9)
FN:53,debounce
FN:55,(anonymous_12)
FN:57,(anonymous_13)
FN:68,someThirdPartyPromise
FN:69,(anonymous_15)
FNF:13
FNH:10
FNDA:2,(anonymous_2)
FNDA:2,(anonymous_3)
FNDA:2,(anonymous_4)
FNDA:2,(anonymous_5)
FNDA:1,(anonymous_6)
FNDA:1,(anonymous_7)
FNDA:1,(anonymous_8)
FNDA:1,(anonymous_9)
FNDA:0,debounce
FNDA:0,(anonymous_12)
FNDA:0,(anonymous_13)
FNDA:1,someThirdPartyPromise
FNDA:1,(anonymous_15)
DA:13,1
DA:17,2
DA:18,2
DA:19,2
DA:23,2
DA:27,2
DA:28,2
DA:29,2
DA:33,1
DA:45,1
DA:46,1
DA:47,1
DA:55,0
DA:56,0
DA:57,0
DA:58,0
DA:59,0
DA:61,0
DA:62,0
DA:63,0
DA:64,0
DA:69,1
DA:70,1
LF:23
LH:14
BRDA:59,0,0,0
BRDA:59,0,1,0
BRDA:61,1,0,0
BRDA:61,1,1,0
BRDA:64,2,0,0
BRDA:64,2,1,0
BRF:6
BRH:0
end_of_record
TN:
SF:src/app/heroes/heroes.component.ts
FN:14,(anonymous_2)
FN:16,(anonymous_3)
FN:20,(anonymous_4)
FN:22,(anonymous_5)
FN:25,(anonymous_6)
FN:30,(anonymous_7)
FN:35,(anonymous_8)
FN:36,(anonymous_9)
FNF:8
FNH:8
FNDA:10,(anonymous_2)
FNDA:8,(anonymous_3)
FNDA:8,(anonymous_4)
FNDA:8,(anonymous_5)
FNDA:1,(anonymous_6)
FNDA:1,(anonymous_7)
FNDA:2,(anonymous_8)
FNDA:6,(anonymous_9)
DA:11,1
DA:14,10
DA:17,8
DA:21,8
DA:22,8
DA:26,1
DA:27,1
DA:28,1
DA:29,1
DA:31,1
DA:36,6
DA:37,2
LF:12
LH:12
BRDA:28,0,0,0
BRDA:28,0,1,1
BRF:2
BRH:1
end_of_record
TN:
SF:src/app/strength/strength.pipe.ts
FN:7,(anonymous_1)
FNF:1
FNH:1
FNDA:21,(anonymous_1)
DA:6,1
DA:8,21
DA:9,9
DA:10,12
DA:11,10
DA:13,2
LF:6
LH:6
BRDA:8,0,0,9
BRDA:8,0,1,12
BRDA:10,1,0,10
BRDA:10,1,1,2
BRDA:10,2,0,12
BRDA:10,2,1,12
BRF:6
BRH:6
end_of_record
